Compiling the C compiler identification source file "CMakeCCompilerId.c" failed.
Compiler: /opt/qnx/qnx700_17.3/host/linux/x86_64/usr/bin/aarch64-unknown-nto-qnx7.1.0-gcc 
Build flags: -O2;-fPIC;-shared;-Wall;-D_QNX_UNIX_;-fvisibility=hidden
Id flags:  

The output was:
No such file or directory


Compiling the C compiler identification source file "CMakeCCompilerId.c" failed.
Compiler: /opt/qnx/qnx700_17.3/host/linux/x86_64/usr/bin/aarch64-unknown-nto-qnx7.1.0-gcc 
Build flags: -O2;-fPIC;-shared;-Wall;-D_QNX_UNIX_;-fvisibility=hidden
Id flags: -c 

The output was:
No such file or directory


Compiling the C compiler identification source file "CMakeCCompilerId.c" failed.
Compiler: /opt/qnx/qnx700_17.3/host/linux/x86_64/usr/bin/aarch64-unknown-nto-qnx7.1.0-gcc 
Build flags: -O2;-fPIC;-shared;-Wall;-D_QNX_UNIX_;-fvisibility=hidden
Id flags: -Aa 

The output was:
No such file or directory


Compiling the C compiler identification source file "CMakeCCompilerId.c" failed.
Compiler: /opt/qnx/qnx700_17.3/host/linux/x86_64/usr/bin/aarch64-unknown-nto-qnx7.1.0-gcc 
Build flags: -O2;-fPIC;-shared;-Wall;-D_QNX_UNIX_;-fvisibility=hidden
Id flags: -D__CLASSIC_C__ 

The output was:
No such file or directory


Compiling the C compiler identification source file "CMakeCCompilerId.c" failed.
Compiler: /opt/qnx/qnx700_17.3/host/linux/x86_64/usr/bin/aarch64-unknown-nto-qnx7.1.0-gcc 
Build flags: -O2;-fPIC;-shared;-Wall;-D_QNX_UNIX_;-fvisibility=hidden
Id flags: --target=arm-arm-none-eabi;-mcpu=cortex-m3 

The output was:
No such file or directory


Compiling the C compiler identification source file "CMakeCCompilerId.c" failed.
Compiler: /opt/qnx/qnx700_17.3/host/linux/x86_64/usr/bin/aarch64-unknown-nto-qnx7.1.0-gcc 
Build flags: -O2;-fPIC;-shared;-Wall;-D_QNX_UNIX_;-fvisibility=hidden
Id flags: -c;-I__does_not_exist__ 

The output was:
No such file or directory


Compiling the C compiler identification source file "CMakeCCompilerId.c" failed.
Compiler: /opt/qnx/qnx700_17.3/host/linux/x86_64/usr/bin/aarch64-unknown-nto-qnx7.1.0-gcc 
Build flags: 
Id flags:  

The output was:
No such file or directory


Compiling the C compiler identification source file "CMakeCCompilerId.c" failed.
Compiler: /opt/qnx/qnx700_17.3/host/linux/x86_64/usr/bin/aarch64-unknown-nto-qnx7.1.0-gcc 
Build flags: 
Id flags: -c 

The output was:
No such file or directory


Compiling the C compiler identification source file "CMakeCCompilerId.c" failed.
Compiler: /opt/qnx/qnx700_17.3/host/linux/x86_64/usr/bin/aarch64-unknown-nto-qnx7.1.0-gcc 
Build flags: 
Id flags: -Aa 

The output was:
No such file or directory


Compiling the C compiler identification source file "CMakeCCompilerId.c" failed.
Compiler: /opt/qnx/qnx700_17.3/host/linux/x86_64/usr/bin/aarch64-unknown-nto-qnx7.1.0-gcc 
Build flags: 
Id flags: -D__CLASSIC_C__ 

The output was:
No such file or directory


Compiling the C compiler identification source file "CMakeCCompilerId.c" failed.
Compiler: /opt/qnx/qnx700_17.3/host/linux/x86_64/usr/bin/aarch64-unknown-nto-qnx7.1.0-gcc 
Build flags: 
Id flags: --target=arm-arm-none-eabi;-mcpu=cortex-m3 

The output was:
No such file or directory


Compiling the C compiler identification source file "CMakeCCompilerId.c" failed.
Compiler: /opt/qnx/qnx700_17.3/host/linux/x86_64/usr/bin/aarch64-unknown-nto-qnx7.1.0-gcc 
Build flags: 
Id flags: -c;-I__does_not_exist__ 

The output was:
No such file or directory


Checking whether the C compiler is IAR using "" did not match "IAR .+ Compiler":
Checking whether the C compiler is IAR using "" did not match "IAR .+ Compiler":
Compiling the C compiler identification source file "CMakeCCompilerId.c" failed.
Compiler: /opt/qnx/qnx700_17.3/host/linux/x86_64/usr/bin/aarch64-unknown-nto-qnx7.0.0-gcc 
Build flags: -O2;-fPIC;-shared;-Wall;-D_QNX_UNIX_;-fvisibility=hidden
Id flags:  

The output was:
No such file or directory


Compiling the C compiler identification source file "CMakeCCompilerId.c" failed.
Compiler: /opt/qnx/qnx700_17.3/host/linux/x86_64/usr/bin/aarch64-unknown-nto-qnx7.0.0-gcc 
Build flags: -O2;-fPIC;-shared;-Wall;-D_QNX_UNIX_;-fvisibility=hidden
Id flags: -c 

The output was:
No such file or directory


Compiling the C compiler identification source file "CMakeCCompilerId.c" failed.
Compiler: /opt/qnx/qnx700_17.3/host/linux/x86_64/usr/bin/aarch64-unknown-nto-qnx7.0.0-gcc 
Build flags: -O2;-fPIC;-shared;-Wall;-D_QNX_UNIX_;-fvisibility=hidden
Id flags: -Aa 

The output was:
No such file or directory


Compiling the C compiler identification source file "CMakeCCompilerId.c" failed.
Compiler: /opt/qnx/qnx700_17.3/host/linux/x86_64/usr/bin/aarch64-unknown-nto-qnx7.0.0-gcc 
Build flags: -O2;-fPIC;-shared;-Wall;-D_QNX_UNIX_;-fvisibility=hidden
Id flags: -D__CLASSIC_C__ 

The output was:
No such file or directory


Compiling the C compiler identification source file "CMakeCCompilerId.c" failed.
Compiler: /opt/qnx/qnx700_17.3/host/linux/x86_64/usr/bin/aarch64-unknown-nto-qnx7.0.0-gcc 
Build flags: -O2;-fPIC;-shared;-Wall;-D_QNX_UNIX_;-fvisibility=hidden
Id flags: --target=arm-arm-none-eabi;-mcpu=cortex-m3 

The output was:
No such file or directory


Compiling the C compiler identification source file "CMakeCCompilerId.c" failed.
Compiler: /opt/qnx/qnx700_17.3/host/linux/x86_64/usr/bin/aarch64-unknown-nto-qnx7.0.0-gcc 
Build flags: -O2;-fPIC;-shared;-Wall;-D_QNX_UNIX_;-fvisibility=hidden
Id flags: -c;-I__does_not_exist__ 

The output was:
No such file or directory


Compiling the C compiler identification source file "CMakeCCompilerId.c" failed.
Compiler: /opt/qnx/qnx700_17.3/host/linux/x86_64/usr/bin/aarch64-unknown-nto-qnx7.0.0-gcc 
Build flags: 
Id flags:  

The output was:
No such file or directory


Compiling the C compiler identification source file "CMakeCCompilerId.c" failed.
Compiler: /opt/qnx/qnx700_17.3/host/linux/x86_64/usr/bin/aarch64-unknown-nto-qnx7.0.0-gcc 
Build flags: 
Id flags: -c 

The output was:
No such file or directory


Compiling the C compiler identification source file "CMakeCCompilerId.c" failed.
Compiler: /opt/qnx/qnx700_17.3/host/linux/x86_64/usr/bin/aarch64-unknown-nto-qnx7.0.0-gcc 
Build flags: 
Id flags: -Aa 

The output was:
No such file or directory


Compiling the C compiler identification source file "CMakeCCompilerId.c" failed.
Compiler: /opt/qnx/qnx700_17.3/host/linux/x86_64/usr/bin/aarch64-unknown-nto-qnx7.0.0-gcc 
Build flags: 
Id flags: -D__CLASSIC_C__ 

The output was:
No such file or directory


Compiling the C compiler identification source file "CMakeCCompilerId.c" failed.
Compiler: /opt/qnx/qnx700_17.3/host/linux/x86_64/usr/bin/aarch64-unknown-nto-qnx7.0.0-gcc 
Build flags: 
Id flags: --target=arm-arm-none-eabi;-mcpu=cortex-m3 

The output was:
No such file or directory


Compiling the C compiler identification source file "CMakeCCompilerId.c" failed.
Compiler: /opt/qnx/qnx700_17.3/host/linux/x86_64/usr/bin/aarch64-unknown-nto-qnx7.0.0-gcc 
Build flags: 
Id flags: -c;-I__does_not_exist__ 

The output was:
No such file or directory


Checking whether the C compiler is IAR using "" did not match "IAR .+ Compiler":
Checking whether the C compiler is IAR using "" did not match "IAR .+ Compiler":
